     1                                     org 0x0100
     2                                  
     3                                  table:      equ 0x8000
     4                                  table_size: equ 1000
     5                                  
     6                                  start:
     7 00000000 BB0080                     mov bx, table
     8 00000003 B9E803                     mov cx, table_size
     9 00000006 B000                       mov al, 0
    10                                  
    11                                  p1:
    12 00000008 8807                       mov [bx], al
    13 0000000A 43                         inc bx
    14 0000000B E2FB                       loop p1
    15 0000000D B80200                     mov ax, 2
    16                                  p2:
    17 00000010 BB0080                     mov bx, table
    18 00000013 01C3                       add bx, ax
    19 00000015 803F00                     cmp byte [bx],0
    20 00000018 751C                       jne p3
    21 0000001A 50                         push ax
    22 0000001B E84300                     call display_number
    23 0000001E B02C                       mov al, 0x2c ; comma
    24 00000020 E81B00                     call display_letter
    25 00000023 58                         pop ax
    26 00000024 BB0080                     mov bx, table
    27 00000027 01C3                       add bx, ax
    28                                  p4:
    29 00000029 01C3                       add bx, ax
    30 0000002B 81FBE883                   cmp bx, table+table_size
    31 0000002F 7305                       jnc p3
    32 00000031 C60701                     mov byte [bx], 1
    33 00000034 EBF3                       jmp p4
    34                                  
    35                                  p3:
    36 00000036 40                         inc ax
    37 00000037 3DE803                     cmp ax, table_size
    38 0000003A 75D4                       jne p2
    39                                  
    40                                     ; library1.asm
    41                                  
    42 0000003C CD20                       int 0x20
    43                                  
    44                                   display_letter:
    45 0000003E 50                         push ax
    46 0000003F 53                         push bx
    47 00000040 51                         push cx
    48 00000041 52                         push dx
    49 00000042 56                         push si
    50 00000043 57                         push di
    51 00000044 B40E                       mov ah,0x0e      ; terminal output
    52 00000046 BB0F00                     mov bx, 0x000f   ; graphics mode
    53 00000049 CD10                       int 0x10         ; call the BIOS for displaying one letter
    54 0000004B 5F                         pop di
    55 0000004C 5E                         pop si
    56 0000004D 5A                         pop dx
    57 0000004E 59                         pop cx
    58 0000004F 5B                         pop bx
    59 00000050 58                         pop ax
    60 00000051 C3                         ret
    61                                  
    62                                  
    63                                      ; read keyboard into AL
    64                                   read_keyboard:
    65 00000052 53                           push bx
    66 00000053 51                           push cx
    67 00000054 52                           push dx
    68 00000055 56                           push si
    69 00000056 57                           push di
    70 00000057 B400                         mov ah,0x00       
    71 00000059 CD16                         int 0x16          ; BIOS for reading keyboard
    72 0000005B 5F                           pop di
    73 0000005C 5E                           pop si
    74 0000005D 5A                           pop dx
    75 0000005E 59                           pop cx
    76 0000005F 5B                           pop bx
    77 00000060 C3                           ret
    78                                  
    79                                  
    80                                  display_number:
    81 00000061 BA0000                     mov dx, 0
    82 00000064 B90A00                     mov cx, 10
    83 00000067 F7F1                       div cx
    84 00000069 52                         push dx
    85 0000006A 83F800                     cmp ax,0
    86 0000006D 7403                       je display_number_1
    87 0000006F E8EFFF                     call display_number
    88                                  display_number_1:
    89 00000072 58                         pop ax
    90 00000073 0430                       add al,'0'
    91 00000075 E8C6FF                     call display_letter
    92 00000078 C3                         ret
