     1                                  
     2                                  
     3                                  
     4                                  
     5                                     org 0x0100
     6                                  
     7                                  board: equ 0x0300
     8                                  
     9                                  start:
    10 00000000 BB0003                     mov bx, board
    11 00000003 B90900                     mov cx, 9
    12 00000006 B031                       mov al, '1'
    13                                  
    14                                  b09:
    15 00000008 8807                       mov [bx], al
    16 0000000A FEC0                       inc al
    17 0000000C 43                         inc bx
    18 0000000D E2F9                       loop b09
    19                                  
    20                                  b10:
    21 0000000F E8C500                     call show_board
    22 00000012 E83500                     call find_line
    23                                     ;int 0x20
    24                                  
    25 00000015 E81100                     call get_movement
    26 00000018 C60758                     mov byte [bx], 'X'
    27                                  
    28 0000001B E8B900                     call show_board
    29 0000001E E82900                     call find_line
    30                                  
    31 00000021 E80500                     call get_movement
    32 00000024 C6074F                     mov byte [bx], 'O'
    33 00000027 EBE6                       jmp b10
    34                                  
    35                                  
    36                                  get_movement:
    37 00000029 E81401                     call read_keyboard    ; if 'esc' then exit
    38 0000002C 3C1B                       cmp al, 0x1b
    39 0000002E 7418                       je do_exit
    40 00000030 2C31                       sub al,0x31           ; al -= '1'
    41 00000032 72F5                       jc get_movement
    42 00000034 3C09                       cmp al,0x09           ; al > 9
    43 00000036 73F1                       jnc get_movement
    44 00000038 98                         cbw                   ; Expand AL to 16 bits using AH
    45 00000039 BB0003                     mov bx, board
    46 0000003C 01C3                       add bx, ax
    47 0000003E 8A07                       mov al, [bx]
    48 00000040 3C40                       cmp al, 0x40
    49 00000042 73E5                       jnc get_movement
    50 00000044 E8BA00                     call show_crlf
    51 00000047 C3                         ret
    52                                  
    53                                  do_exit:
    54 00000048 CD20                       int 0x20
    55                                  
    56                                  
    57                                  find_line:
    58 0000004A A00003                     mov al, [board]
    59 0000004D A00103                     mov al, [board+1]
    60 00000050 7506                       jne b01
    61 00000052 3A060203                   cmp al, [board+2]
    62 00000056 7461                       je  won
    63                                  b01:
    64 00000058 3A060303                   cmp al, [board+3]
    65 0000005C 7506                       jne b04
    66 0000005E 3A060603                   cmp al, [board+6]
    67 00000062 7455                       je won
    68                                  b04:
    69 00000064 3A060403                   cmp al, [board+4]
    70 00000068 7506                       jne b05
    71 0000006A 3A060803                   cmp al, [board+8]
    72 0000006E 7449                       je won
    73                                  b05:
    74 00000070 A00303                     mov al, [board+3]
    75 00000073 3A060403                   cmp al, [board+4]
    76 00000077 7506                       jne b02
    77 00000079 3A060503                   cmp al, [board+5]
    78 0000007D 743A                       je won
    79                                  
    80                                  b02:
    81 0000007F A00603                     mov al, [board+6]
    82 00000082 3A060703                   cmp al, [board+7]
    83 00000086 7506                       jne b03
    84 00000088 3A060803                   cmp al, [board+8]
    85 0000008C 742B                       je won
    86                                  b03:
    87 0000008E A00103                     mov al, [board+1]
    88 00000091 3A060403                   cmp al, [board+4]
    89 00000095 7506                       jne b06
    90 00000097 3A060703                   cmp al, [board+7]
    91 0000009B 741C                       je won
    92                                  b06:
    93 0000009D A00203                     mov al, [board+2]
    94 000000A0 3A060503                   cmp al, [board+5]
    95 000000A4 7506                       jne b07
    96 000000A6 3A060803                   cmp al, [board+8]
    97 000000AA 740D                       je won
    98                                  b07:
    99 000000AC 3A060403                   cmp al, [board+4]
   100 000000B0 7506                       jne b08
   101 000000B2 3A060603                   cmp al, [board+6]
   102 000000B6 7401                       je won
   103                                  b08:
   104 000000B8 C3                         ret
   105                                  
   106                                  won:
   107 000000B9 E87000                     call display_letter
   108                                     
   109 000000BC B020                       mov al, 0x20 ; ' '
   110 000000BE E86B00                     call display_letter
   111 000000C1 B077                       mov al, 0x77 ; 'w'
   112 000000C3 E86600                     call display_letter
   113 000000C6 B069                       mov al, 0x69 ; 'i'
   114 000000C8 E86100                     call display_letter
   115 000000CB B06E                       mov al, 0x6e ; 'n' 
   116 000000CD E85C00                     call display_letter
   117 000000D0 B073                       mov al, 0x73 ; 's'
   118 000000D2 E85700                     call display_letter
   119 000000D5 CD20                       int 0x20
   120                                  
   121                                  
   122                                  show_board:
   123 000000D7 BB0003                     mov bx, board
   124 000000DA E81100                     call show_row
   125 000000DD E82A00                     call show_div
   126 000000E0 BB0303                     mov bx, board+3
   127 000000E3 E80800                     call show_row
   128 000000E6 E82100                     call show_div
   129 000000E9 BB0603                     mov bx, board+6
   130 000000EC EB00                       jmp show_row
   131                                  
   132                                  show_row:
   133 000000EE E83400                     call show_square
   134 000000F1 B07C                       mov al, 0x7c
   135 000000F3 E83600                     call display_letter
   136 000000F6 E82C00                     call show_square
   137 000000F9 B07C                       mov al, 0x7c
   138 000000FB E82E00                     call display_letter
   139 000000FE E82400                     call show_square
   140                                  
   141                                  show_crlf:
   142 00000101 B00D                       mov al, 0x0d
   143 00000103 E82600                     call display_letter
   144 00000106 B00A                       mov al, 0x0a
   145 00000108 EB22                       jmp display_letter
   146                                  
   147                                  show_div:
   148 0000010A B02D                       mov al, 0x2d
   149 0000010C E81D00                     call display_letter
   150 0000010F B02B                       mov al, 0x2b
   151 00000111 E81800                     call display_letter
   152 00000114 B02D                       mov al, 0x2d
   153 00000116 E81300                     call display_letter
   154 00000119 B02B                       mov al, 0x2b
   155 0000011B E80E00                     call display_letter
   156 0000011E B02D                       mov al, 0x2d
   157 00000120 E80900                     call display_letter
   158 00000123 EBDC                       jmp show_crlf
   159                                  
   160                                  show_square:
   161 00000125 8A07                       mov al, [bx]
   162 00000127 43                         inc bx
   163 00000128 EB02                       jmp display_letter
   164                                     ; library1.asm
   165                                  
   166 0000012A CD20                       int 0x20
   167                                  
   168                                   display_letter:
   169 0000012C 50                         push ax
   170 0000012D 53                         push bx
   171 0000012E 51                         push cx
   172 0000012F 52                         push dx
   173 00000130 56                         push si
   174 00000131 57                         push di
   175 00000132 B40E                       mov ah,0x0e      ; terminal output
   176 00000134 BB0F00                     mov bx, 0x000f   ; graphics mode
   177 00000137 CD10                       int 0x10         ; call the BIOS for displaying one letter
   178 00000139 5F                         pop di
   179 0000013A 5E                         pop si
   180 0000013B 5A                         pop dx
   181 0000013C 59                         pop cx
   182 0000013D 5B                         pop bx
   183 0000013E 58                         pop ax
   184 0000013F C3                         ret
   185                                  
   186                                  
   187                                      ; read keyboard into AL
   188                                   read_keyboard:
   189 00000140 53                           push bx
   190 00000141 51                           push cx
   191 00000142 52                           push dx
   192 00000143 56                           push si
   193 00000144 57                           push di
   194 00000145 B400                         mov ah,0x00       
   195 00000147 CD16                         int 0x16          ; BIOS for reading keyboard
   196 00000149 5F                           pop di
   197 0000014A 5E                           pop si
   198 0000014B 5A                           pop dx
   199 0000014C 59                           pop cx
   200 0000014D 5B                           pop bx
   201 0000014E C3                           ret
   202                                  
   203                                  
   204                                  display_number:
   205 0000014F BA0000                     mov dx, 0
   206 00000152 B90A00                     mov cx, 10
   207 00000155 F7F1                       div cx
   208 00000157 52                         push dx
   209 00000158 83F800                     cmp ax,0
   210 0000015B 7403                       je display_number_1
   211 0000015D E8EFFF                     call display_number
   212                                  display_number_1:
   213 00000160 58                         pop ax
   214 00000161 0430                       add al,'0'
   215 00000163 E8C6FF                     call display_letter
   216 00000166 C3                         ret
