     1                                  
     2                                  
     3                                  
     4                                     use16
     5                                  
     6                                  pipe:    equ 0x0fa0
     7                                  score:   equ 0x0fa2
     8                                  grav:    equ 0x0fa4
     9                                  next:    equ 0x0fa6
    10                                  bird:    equ 0x0fa8
    11                                  tall:    equ 0x0faa
    12                                  frame:   equ 0x0fac
    13                                  
    14                                  
    15 00000000 B80200                     mov ax, 0x0002     ; text mode
    16 00000003 CD0A                       int 10
    17 00000005 FC                         cld
    18 00000006 B800B8                     mov ax, 0xb800      ; video segment
    19 00000009 8ED8                       mov ds, ax
    20 0000000B 8EC0                       mov es, ax
    21                                  
    22                                  
    23                                  fb21:                 ; game restart
    24 0000000D BFA00F                     mov di, pipe
    25 00000010 31C0                       xor ax, ax
    26 00000012 AB                         stosw              ; pipe  = 0
    27 00000013 AB                         stosw              ; score = 0
    28 00000014 AB                         stosw              ; grav  = 0
    29 00000015 B0A0                       mov al, 0xa0
    30 00000017 AB                         stosw              ; next = 0xa0
    31 00000018 B060                       mov al, 0x60
    32 0000001A AB                         stosw              ; bird = 0x60
    33                                  
    34                                  
    35 0000001B BF4A00                     mov di, 0x004a      ; game title
    36 0000001E B8460F                     mov ax, 0x0f46      ; "F-BIRD"
    37 00000021 AB                         stosw
    38 00000022 B02D                       mov al, 0x2d
    39 00000024 AB                         stosw
    40 00000025 B042                       mov al, 0x42
    41 00000027 AB                         stosw
    42 00000028 B049                       mov al, 0x49
    43 0000002A AB                         stosw
    44 0000002B B052                       mov al, 0x52
    45 0000002D AB                         stosw
    46 0000002E B044                       mov al, 0x44
    47 00000030 AB                         stosw
    48 00000031 B95000                     mov cx, 80
    49                                  fb1:
    50 00000034 51                         push cx
    51 00000035 E8FC00                     call scroll_scenery
    52 00000038 59                         pop cx
    53 00000039 E2F9                       loop fb1
    54                                  
    55                                  fb23:
    56 0000003B B401                       mov ah, 0x01           ; check key press
    57 0000003D CD16                       int 0x16
    58 0000003F 9C                         pushf
    59 00000040 31C0                       xor ax, ax             ; wait for a key
    60 00000042 CD16                       int 0x16
    61 00000044 9D                         popf
    62 00000045 75F4                       jnz fb23
    63                                  
    64                                  
    65                                  
    66                                  fb12:                     ; main loop
    67 00000047 A0A80F                     mov al, [bird]
    68 0000004A 0206A40F                   add al, [grav]
    69 0000004E A2A80F                     mov [bird], al
    70                                     
    71 00000051 24F8                       and al, 0xf8
    72 00000053 B414                       mov ah, 0x14
    73 00000055 F6E4                       mul ah
    74 00000057 83C020                     add ax, $0020
    75 0000005A 97                         xchg ax, di
    76 0000005B A0AC0F                     mov al, [frame]
    77 0000005E 2404                       and al, 4
    78 00000060 7414                       jz fb15
    79 00000062 8A8560FF                   mov al, [di-160]
    80 00000066 C78560FF1E0D               mov word [di-160], 0x0d1e
    81 0000006C 0205                       add al, [di]
    82 0000006E D0E8                       shr al, 1
    83 00000070 C705140D                   mov word [di], 0x0d14
    84 00000074 EB06                       jmp short fb16
    85                                  
    86                                  fb15:
    87 00000076 8A05                       mov al, [di]
    88 00000078 C7051F0D                   mov word [di], 0x0d1f
    89                                  
    90                                  
    91                                  fb16:
    92 0000007C 024502                     add al, [di+2]
    93 0000007F C74502100D                 mov word [di+2], 0x0d10
    94                                  
    95                                  
    96 00000084 3C40                       cmp al, 0x40
    97 00000086 7427                       jz fb19
    98                                  
    99                                     ; start and game over
   100                                  
   101 00000088 C6052A                     mov byte [di], $2a
   102 0000008B C645022A                   mov byte [di+2], $2a
   103 0000008F BFCA07                     mov di, 0x07ca
   104 00000092 B8420F                     mov ax, 0x0f42        ; BONK!
   105 00000095 AB                         stosw
   106 00000096 B04F                       mov al, 0x4f
   107 00000098 AB                         stosw
   108 00000099 B04E                       mov al, 0x4e
   109 0000009B AB                         stosw
   110 0000009C B04B                       mov al, 0x4b
   111 0000009E AB                         stosw
   112 0000009F B021                       mov al, 0x21
   113 000000A1 AB                         stosw
   114 000000A2 B96400                     mov cx, 100           ; wait 100 frames
   115                                  
   116                                  fb20:
   117 000000A5 51                         push cx
   118 000000A6 E83901                     call wait_frame
   119 000000A9 59                         pop cx
   120 000000AA E2F9                       loop fb20
   121 000000AC E95EFF                     jmp fb21              ; restart
   122                                  
   123                                  fb19:
   124 000000AF E83001                     call wait_frame
   125 000000B2 A0AC0F                     mov al, [frame]
   126 000000B5 2407                       and al, 7
   127 000000B7 7504                       jnz fb17
   128 000000B9 FF06A40F                   inc word [grav]
   129                                  
   130                                  fb17:
   131 000000BD B020                       mov al, $20
   132 000000BF 888560FF                   mov [di-160], al            ; delete bird
   133 000000C3 884502                     mov [di+2], al
   134 000000C6 AA                         stosb
   135 000000C7 E86A00                     call scroll_scenery
   136 000000CA E86700                     call scroll_scenery
   137 000000CD 803EA000B0                 cmp byte [0x00a0], 0xb0 
   138 000000D2 7405                       jz fb27
   139 000000D4 803EA200B0                 cmp byte [0x00a2], 0xb0
   140                                  fb27:
   141 000000D9 7521                       jnz fb24
   142                                  
   143 000000DB FF06A20F                   inc word [score]
   144 000000DF A1A20F                     mov ax, [score]
   145 000000E2 BF8E00                     mov di, 0x008e
   146                                  
   147                                  fb25:
   148 000000E5 31D2                       xor dx, dx
   149 000000E7 BB0A00                     mov bx, 10
   150 000000EA F7F3                       div bx
   151 000000EC 81C2300C                   add dx, 0x0c30
   152 000000F0 92                         xchg ax, dx
   153 000000F1 FD                         std
   154 000000F2 AB                         stosw
   155 000000F3 C60520                     mov byte [di], 0x20
   156 000000F6 FC                         cld
   157 000000F7 92                         xchg ax, dx
   158 000000F8 09C0                       or ax, ax
   159 000000FA 75E9                       jnz fb25
   160                                   fb24:
   161 000000FC B401                       mov ah, 0x01        ; key pressed?
   162 000000FE CD16                       int 0x16
   163 00000100 742F                       jz fb26
   164 00000102 B400                       mov ah, 0x00
   165 00000104 CD16                       int 0x16
   166 00000106 3C1B                       cmp al, 0x1b
   167 00000108 7502                       jne fb4
   168 0000010A CD20                       int 0x20
   169                                  
   170                                  fb4:
   171 0000010C A1A80F                     mov ax, [bird]
   172 0000010F 83E810                     sub ax, 0x10
   173 00000112 83F808                     cmp ax, 0x08
   174 00000115 7203                       jb fb18
   175 00000117 A3A80F                     mov [bird], ax
   176                                  
   177                                  fb18:
   178 0000011A C606A40F00                 mov byte [grav], 0
   179 0000011F B0B6                       mov al, 0xb6
   180 00000121 E643                       out (0x43), al
   181 00000123 B090                       mov al, 0x90
   182 00000125 E642                       out (0x42), al
   183 00000127 B04A                       mov al, 0x4a
   184 00000129 E642                       out (0x42), al
   185 0000012B E461                       in al, (0x61)
   186 0000012D 0C03                       or al, 0x03
   187 0000012F E661                       out (0x61), al
   188                                  
   189                                   fb26:
   190 00000131 E913FF                     jmp fb12
   191                                  
   192                                  
   193                                  
   194                                  scroll_scenery:
   195 00000134 BEA200                     mov si, 0x00a2
   196 00000137 BFA000                     mov di, 0x00a0
   197                                  
   198                                  fb2:
   199 0000013A B94F00                     mov cx, 79
   200 0000013D F3                         repz
   201 0000013E A5                         movsw
   202 0000013F B8200E                     mov ax, 0x0e20
   203 00000142 AB                         stosw
   204 00000143 AD                         lodsw
   205 00000144 81FEA20F                   cmp si, 0x0fa2
   206 00000148 75F0                       jnz fb2
   207                                  
   208                                  
   209                                  ; insert houses
   210                                  
   211 0000014A C7069E0FDF02               mov word [0x0f9e], 0x02df
   212 00000150 E440                       in al, (0x40)               ; get random number
   213 00000152 2470                       and al, 0x70
   214 00000154 7418                       jz fb5
   215 00000156 BB0804                     mov bx, 0x0408
   216 00000159 891EFE0E                   mov [0x0efe], bx
   217 0000015D BF5E0E                     mov di, 0x0e5e
   218 00000160 2420                       and al, 0x20
   219 00000162 7406                       jz fb3
   220 00000164 891D                       mov [di], bx
   221 00000166 81EFA000                   sub di, 0x00a0
   222                                  
   223                                  
   224                                  fb3:
   225 0000016A C7051E09                   mov word [di], 0x091e
   226                                  
   227                                  
   228                                  fb5:
   229 0000016E FF0EA60F                   dec word [next]
   230 00000172 8B1EA60F                   mov bx, [next]
   231 00000176 83FB03                     cmp bx, 0x03
   232                                  
   233                                  
   234 00000179 7766                       ja fb6
   235 0000017B 750A                       jne fb8
   236 0000017D E440                       in al, (0x40)
   237 0000017F 83E007                     and ax, 0x0007
   238 00000182 0404                       add al, 0x04
   239 00000184 A3AA0F                     mov [tall], ax
   240                                  
   241                                  fb8:
   242 00000187 8B0EAA0F                   mov cx, [tall]
   243 0000018B 09DB                       or bx, bx
   244 0000018D B2B0                       mov dl, 0xb0
   245 0000018F 7409                       jz fb7
   246 00000191 B2DB                       mov dl, 0xdb
   247 00000193 83FB03                     cmp bx, 0x03
   248 00000196 7202                       jb fb7
   249 00000198 B2B1                       mov dl, 0xb1
   250                                  
   251                                  fb7:
   252 0000019A BF3E01                     mov di, 0x013e
   253 0000019D B40A                       mov ah, 0x0a
   254 0000019F 88D0                       mov al, dl
   255                                  
   256                                  fb9:
   257 000001A1 AB                         stosw
   258 000001A2 81C79E00                   add di, 0x009e
   259 000001A6 E2F9                       loop fb9
   260 000001A8 B0C4                       mov al, 0xc4
   261 000001AA AB                         stosw
   262 000001AB 81C7BE03                   add di, 0x009e*6+10
   263 000001AF B0DF                       mov al, 0xdf
   264 000001B1 AB                         stosw
   265 000001B2 81C79E00                   add di, 0x009e
   266                                  
   267                                  fb10:
   268 000001B6 88D0                       mov al, dl
   269 000001B8 AB                         stosw
   270 000001B9 81C79E00                   add di, 0x009e
   271 000001BD 81FF000F                   cmp di, 0x0f00
   272 000001C1 72F3                       jb fb10
   273 000001C3 09DB                       or bx, bx
   274 000001C5 751A                       jnz fb6
   275 000001C7 A1A00F                     mov ax, [pipe]
   276 000001CA 40                         inc ax
   277 000001CB A3A00F                     mov [pipe], ax
   278 000001CE B103                       mov cl, 3
   279 000001D0 D3E8                       shr ax, cl
   280 000001D2 B450                       mov ah, 0x50
   281 000001D4 28C4                       sub ah, al
   282 000001D6 80FC10                     cmp ah, 0x10
   283 000001D9 7702                       ja fb11
   284 000001DB B410                       mov ah, 0x10
   285                                  
   286                                  fb11:
   287 000001DD 8826A60F                   mov [next], ah
   288                                  
   289                                  fb6:
   290 000001E1 C3                         ret
   291                                  
   292                                  
   293                                  
   294                                  wait_frame:
   295 000001E2 B400                       mov ah, 0x00     ; base clock tick
   296 000001E4 CD1A                       int 0x1a
   297                                  
   298                                  fb14:
   299 000001E6 52                         push dx
   300 000001E7 B400                       mov ah, 0x00     ; read clock again
   301 000001E9 CD1A                       int 0x1a
   302 000001EB 5B                         pop bx
   303 000001EC 39D3                       cmp bx, dx       ; wait for change
   304 000001EE 74F6                       jz fb14
   305 000001F0 FF06AC0F                   inc word [frame]
   306 000001F4 E461                       in al, (0x61)
   307 000001F6 24FC                       and al, 0xfc     ; turn sound off
   308 000001F8 E661                       out (0x61), al
   309 000001FA C3                         ret
   310                                  
