     1                                  org 0x0100
     2                                  
     3 00000000 B80200                  mov ax, 0x0002
     4 00000003 CD10                    int 0x10
     5                                  
     6 00000005 B800B8                  mov ax, 0xb800
     7 00000008 8ED8                    mov ds, ax
     8 0000000A 8EC0                    mov es, ax
     9                                  
    10                                  
    11                                  main_loop:
    12 0000000C B400                       mov ah,0x00
    13 0000000E CD1A                       int 0x1a
    14 00000010 88D0                       mov al, dl
    15 00000012 A840                       test al, 0x40
    16 00000014 7402                       je m2
    17                                  
    18 00000016 F6D0                       not al
    19                                  
    20                                  m2:
    21 00000018 243F                       and al, 0x3f
    22 0000001A 2C20                       sub al, 0x20
    23 0000001C 98                         cbw
    24 0000001D 89C1                       mov cx, ax
    25                                  
    26 0000001F BF0000                     mov di, 0x0000
    27 00000022 B600                       mov dh, 0
    28                                  
    29                                  m0:
    30 00000024 B200                       mov dl, 0
    31                                  
    32                                  m1:
    33 00000026 52                         push dx
    34 00000027 BB[6200]                   mov bx, sin_table
    35                                  
    36 0000002A 88F0                       mov al, dh
    37 0000002C D0E0                       shl al, 1
    38 0000002E 243F                       and al, 0x3f
    39 00000030 2ED7                       cs xlat
    40 00000032 98                         cbw
    41 00000033 50                         push ax
    42                                  
    43 00000034 88D0                       mov al,dl
    44 00000036 243F                       and al,0x3f
    45 00000038 2ED7                       cs xlat
    46 0000003A 98                         cbw
    47                                  
    48 0000003B 5A                         pop dx
    49 0000003C 01D0                       add ax, dx
    50 0000003E 01C8                       add ax, cx
    51 00000040 88C4                       mov ah, al
    52 00000042 B02A                       mov al, 0x2a
    53 00000044 8905                       mov [di], ax
    54 00000046 83C702                     add di, 2
    55                                  
    56 00000049 5A                         pop dx
    57 0000004A FEC2                       inc dl
    58 0000004C 80FA50                     cmp dl, 80
    59 0000004F 75D5                       jne m1
    60                                  
    61 00000051 FEC6                       inc dh
    62 00000053 80FE19                     cmp dh, 25
    63 00000056 75CC                       jne m0
    64                                  
    65 00000058 B401                       mov ah, 0x01
    66 0000005A CD16                       int 0x16
    67                                  
    68 0000005C 7502                       jne key_pressed
    69 0000005E EBAC                       jmp main_loop
    70                                  
    71                                  key_pressed:
    72 00000060 CD20                       int 0x20
    73                                  
    74                                  
    75                                  
    76                                  
    77                                  sin_table:
    78 00000062 00060C13181E2429           db 0,6,12,19,24,30,36,41
    79 0000006A 2D3135383B3D3F40           db 45, 49,53,56,59,61,63,64
    80 00000072 40403F3D3B383531           db 64,64,63,61,59,56,53,49
    81 0000007A 2D29241E18130C06           db 45,41,36,30,24,19,12,6
    82 00000082 00FAF4EDE8E2DCD7           db 0,-6,-12,-19,-24,-30,-36,-41
    83 0000008A D3CFCBC8C5C3C1C0           db -45,-49,-53,-56,-59,-61,-63,-64
    84 00000092 C0C0C1C3C5C8CBCF           db -64,-64,-63,-61,-59,-56,-53,-49
    85 0000009A D3D7DCE2E8EDF4FA           db -45,-41,-36,-30,-24,-19,-12,-6
    86                                     
