     1                                  cpu 8086
     2                                  
     3                                  org 0x0100
     4                                  
     5                                  v_a: equ 0xfa00
     6                                  v_b: equ 0xfa02
     7                                  
     8                                  v_x: equ 0xfa04
     9                                  v_y: equ 0xfa08
    10                                  
    11                                  v_s1: equ 0xfa0c
    12                                  v_s2: equ 0xfa10
    13                                  
    14                                  
    15                                  
    16                                  start:
    17 00000000 B81300                     mov ax, 0x0013
    18 00000003 CD10                       int 0x10
    19                                  
    20 00000005 B800A0                     mov ax, 0xa000
    21 00000008 8ED8                       mov ds, ax
    22 0000000A 8EC0                       mov es, ax
    23                                  
    24                                  m4:
    25 0000000C B8C700                     mov ax, 199
    26 0000000F A300FA                     mov [v_a], ax
    27                                  
    28                                  m0:
    29 00000012 B83F01                     mov ax, 319
    30 00000015 A302FA                     mov [v_b], ax
    31                                  
    32                                  m1:
    33 00000018 31C0                       xor ax, ax
    34 0000001A A304FA                     mov [v_x], ax
    35 0000001D A306FA                     mov [v_x+2], ax
    36 00000020 A308FA                     mov [v_y], ax
    37 00000023 A30AFA                     mov [v_y+2], ax
    38 00000026 B90000                     mov cx, 0
    39                                  
    40                                  
    41                                  m2:
    42 00000029 51                         push cx
    43 0000002A A104FA                     mov ax, [v_x]
    44 0000002D 8B1606FA                   mov dx, [v_x+2]
    45 00000031 E8C300                     call square32
    46 00000034 52                         push dx
    47 00000035 50                         push ax
    48 00000036 A108FA                     mov ax, [v_y]
    49 00000039 8B160AFA                   mov dx, [v_y+2]
    50 0000003D E8B700                     call square32
    51                                  
    52 00000040 5B                         pop bx
    53 00000041 01D8                       add ax, bx
    54 00000043 5B                         pop bx
    55 00000044 11DA                       adc dx, bx
    56                                  
    57 00000046 59                         pop cx
    58 00000047 83FA00                     cmp dx, 0
    59 0000004A 757C                       jne m3
    60 0000004C 3D0004                     cmp ax, 4*256
    61 0000004F 7377                       jnc m3
    62                                  
    63 00000051 51                         push cx
    64 00000052 A108FA                     mov ax, [v_y]
    65 00000055 8B160AFA                   mov dx, [v_y+2]
    66 00000059 E89B00                     call square32
    67 0000005C 52                         push dx
    68 0000005D 50                         push ax
    69 0000005E A104FA                     mov ax, [v_x]
    70 00000061 8B1606FA                   mov dx, [v_x+2]
    71 00000065 E88F00                     call square32
    72                                  
    73 00000068 5B                         pop bx
    74 00000069 29D8                       sub ax, bx
    75 0000006B 5B                         pop bx
    76 0000006C 19DA                       sbb dx, bx
    77                                  
    78                                  
    79                                  
    80 0000006E 030602FA                   add ax, [v_b]
    81 00000072 83D200                     adc dx, 0
    82 00000075 030602FA                   add ax, [v_b]
    83 00000079 83D200                     adc dx, 0
    84 0000007C 2DE001                     sub ax, 480
    85 0000007F 83DA00                     sbb dx, 0
    86                                  
    87 00000082 50                         push ax
    88 00000083 52                         push dx
    89                                  
    90 00000084 A104FA                     mov ax, [v_x]
    91 00000087 8B1606FA                   mov dx, [v_x+2]
    92 0000008B 8B1E08FA                   mov bx, [v_y]
    93 0000008F 8B0E0AFA                   mov cx, [v_y+2]
    94 00000093 E86500                     call mul32
    95                                  
    96 00000096 D1E0                       shl ax, 1
    97 00000098 D1D2                       rcl dx, 1
    98                                  
    99 0000009A 030600FA                   add ax, [v_a]
   100 0000009E 83D200                     adc dx, 0
   101 000000A1 030600FA                   add ax, [v_a]
   102 000000A5 83D200                     adc dx, 0
   103 000000A8 2DFA00                     sub ax, 250
   104 000000AB 83DA00                     sbb dx, 0
   105                                  
   106 000000AE A308FA                     mov [v_y], ax
   107 000000B1 89160AFA                   mov [v_y+2], dx
   108                                  
   109 000000B5 5A                         pop dx
   110 000000B6 58                         pop ax
   111                                  
   112 000000B7 A304FA                     mov [v_x], ax
   113 000000BA 891606FA                   mov [v_x+2], dx
   114                                  
   115 000000BE 59                         pop cx
   116 000000BF 41                         inc cx
   117 000000C0 83F964                     cmp cx, 100
   118 000000C3 7403                       je m3
   119 000000C5 E961FF                     jmp m2
   120                                  
   121                                  m3:
   122 000000C8 A100FA                     mov ax, [v_a]
   123 000000CB BA4001                     mov dx, 320
   124 000000CE F7E2                       mul dx
   125 000000D0 030602FA                   add ax, [v_b]
   126 000000D4 97                         xchg ax, di
   127                                  
   128 000000D5 80C120                     add cl, 0x20
   129 000000D8 880D                       mov [di], cl
   130                                  
   131 000000DA FF0E02FA                   dec word [v_b]
   132 000000DE 7803E935FF                 jns m1
   133                                  
   134 000000E3 FF0E00FA                   dec word [v_a]
   135 000000E7 7803E926FF                 jns m0
   136                                  
   137 000000EC B400                       mov ah, 0x00
   138 000000EE CD16                       int 0x16
   139                                  
   140 000000F0 B80200                     mov ax, 0x0002
   141 000000F3 CD10                       int 0x10
   142                                  
   143 000000F5 CD20                       int 0x20
   144                                  
   145                                  square32:
   146 000000F7 89C3                       mov bx, ax
   147 000000F9 89D1                       mov cx, dx
   148                                  
   149                                  mul32:
   150 000000FB 31CA                       xor dx, cx
   151 000000FD 9C                         pushf
   152 000000FE 31CA                       xor dx, cx
   153 00000100 790A                       jns mul32_2
   154 00000102 F7D0                       not ax
   155 00000104 F7D2                       not dx
   156 00000106 83C001                     add ax, 1
   157 00000109 83D200                     adc dx, 0
   158                                  
   159                                  mul32_2:
   160 0000010C 85C9                       test cx, cx
   161 0000010E 790A                       jns mul32_3
   162 00000110 F7D3                       not bx
   163 00000112 F7D1                       not cx
   164 00000114 83C301                     add bx, 1
   165 00000117 83D100                     adc cx, 0
   166                                  
   167                                  mul32_3:
   168 0000011A A30CFA                     mov [v_s1], ax
   169 0000011D 89160EFA                   mov [v_s1+2], dx
   170                                  
   171 00000121 F7E3                       mul bx
   172 00000123 A310FA                     mov [v_s2], ax
   173 00000126 891612FA                   mov [v_s2+2], dx
   174                                  
   175 0000012A A10EFA                     mov ax, [v_s1+2]
   176 0000012D F7E1                       mul cx
   177 0000012F A314FA                     mov [v_s2+4], ax
   178                                  
   179 00000132 A10EFA                     mov ax, [v_s1+2]
   180 00000135 F7E3                       mul bx
   181 00000137 010612FA                   add [v_s2+2], ax
   182 0000013B 111614FA                   adc [v_s2+4], dx
   183                                  
   184 0000013F A10CFA                     mov ax, [v_s1]
   185 00000142 F7E1                       mul cx
   186 00000144 010612FA                   add [v_s2+2], ax
   187 00000148 111614FA                   adc [v_s2+4], dx
   188                                  
   189 0000014C A111FA                     mov ax, [v_s2+1]
   190 0000014F 8B1613FA                   mov dx, [v_s2+3]
   191                                  
   192 00000153 9D                         popf
   193 00000154 790A                       jns mul32_1
   194 00000156 F7D0                       not ax
   195 00000158 F7D2                       not dx
   196 0000015A 83C001                     add ax, 1
   197 0000015D 83D200                     adc dx, 0
   198                                  
   199                                  mul32_1:
   200 00000160 C3                         ret
   201                                  
